This is pdfeTeXk, Version 3.141592-1.30.4-2.2 (Web2C 7.5.5) (format=pdflatex 2006.5.24)  6 MAR 2007 09:23
entering extended mode
 Source specials enabled.
**generalizing-bentley-rcm.tex
(./generalizing-bentley-rcm.tex
LaTeX2e <2005/12/01>
Babel <v3.8d> and hyphenation patterns for american, french, german, ngerman, d
utch, italian, norsk, portuges, spanish, swedish, nohyphenation, loaded.

(/Users/mark/Library/texmf/tex/latex/springer-tex Folder/kluwer-mem-copyright.c
ls

LaTeX Warning: You have requested document class `kluwer-mem-copyright',
               but the document class provides `kluwer'.

Document Class: kluwer 2000/04/29 1.3 Kluwer base document class
(/usr/local/teTeX/share/texmf.tetex/tex/latex/amsfonts/amssymb.sty
Package: amssymb 2002/01/22 v2.2d

(/usr/local/teTeX/share/texmf.tetex/tex/latex/amsfonts/amsfonts.sty
Package: amsfonts 2001/10/25 v2.2f
\@emptytoks=\toks14
\symAMSa=\mathgroup4
\symAMSb=\mathgroup5
LaTeX Font Info:    Overwriting math alphabet `\mathfrak' in version `bold'
(Font)                  U/euf/m/n --> U/euf/b/n on input line 132.
))
(/usr/local/teTeX/share/texmf.tetex/tex/latex/wasysym/wasysym.sty
Package: wasysym 2003/10/30 v2.0 Wasy-2 symbol support package
\symwasy=\mathgroup6
LaTeX Font Info:    Overwriting symbol font `wasy' in version `bold'
(Font)                  U/wasy/m/n --> U/wasy/b/n on input line 90.
)
\@cla=\count79
\@clb=\count80
\bdj=\box26
\tracingkluwer=\count81
\id@boxheight=\dimen102
\topsepm@th=\skip41
\aobox=\box27
\@temptokenb=\toks15
\cnt@authors=\count82
\cnt@institutes=\count83
\@abstractbox=\box28
\mottobox=\box29
\logotoks=\toks16
\c@outputpage=\count84
\c@article=\count85
\stretchtabsep=\skip42
\maxfloatwidth=\dimen103
\figtabbox=\box30
\floatindent=\dimen104
\@tabskip=\dimen105
\captionskip=\dimen106
\@tabwidth=\dimen107
\captionindent=\dimen108
\@floatcaption=\toks17
\c@table=\count86
\c@tabnote=\count87
\c@figure=\count88
\c@algorithm=\count89
\rotdimen=\dimen109
\c@endnote=\count90
\endnotesep=\dimen110
\@endnotes=\write3
\bibhang=\skip43

KAP -- Named references
\eqnoindent=\dimen111
\theoremsep=\dimen112
\dispsep=\dimen113
\items@ve=\skip44
\labels@ve=\skip45
\c@part=\count91
\c@section=\count92
\c@subsection=\count93
\c@subsubsection=\count94
\c@paragraph=\count95
\c@subparagraph=\count96
) (/Users/mark/Library/texmf/tex/latex/cclicenses/cclicenses.sty
Package: cclicenses 2005/05/20 v0.4 CC licenses typesetting

(/usr/local/teTeX/share/texmf.tetex/tex/latex/rotating/rotating.sty
Package: rotating 1997/09/26 v2.13 Rotation package

(/usr/local/teTeX/share/texmf.local/tex/latex/graphics/graphicx.sty
Package: graphicx 1999/02/16 v1.0f Enhanced LaTeX Graphics (DPC,SPQR)

(/usr/local/teTeX/share/texmf.local/tex/latex/graphics/keyval.sty
Package: keyval 1999/03/16 v1.13 key=value parser (DPC)
\KV@toks@=\toks18
)
(/usr/local/teTeX/share/texmf.local/tex/latex/graphics/graphics.sty
Package: graphics 2006/02/20 v1.0o Standard LaTeX Graphics (DPC,SPQR)

(/usr/local/teTeX/share/texmf.local/tex/latex/graphics/trig.sty
Package: trig 1999/03/16 v1.09 sin cos tan (DPC)
)
(/usr/local/teTeX/share/texmf.tetex/tex/latex/graphics/graphics.cfg
File: graphics.cfg 2005/02/03 v1.3 graphics configuration of teTeX/TeXLive
)
Package graphics Info: Driver file: pdftex.def on input line 90.

(/usr/local/teTeX/share/texmf.tetex/tex/latex/graphics/pdftex.def
File: pdftex.def 2002/06/19 v0.03k graphics/color for pdftex
\Gread@gobject=\count97
))
\Gin@req@height=\dimen114
\Gin@req@width=\dimen115
)
(/usr/local/teTeX/share/texmf.local/tex/latex/base/ifthen.sty
Package: ifthen 2001/05/26 v1.1c Standard LaTeX ifthen package (DPC)
)
\c@r@tfl@t=\count98
\rot@float@box=\box31
)
\chardim=\dimen116
\hdim=\dimen117
\htmp=\dimen118
\hpos=\count99
\vpos=\count100
)
(/Users/mark/Library/texmf/tex/latex/pdfsync.sty
Package: pdfsync 2004/01/31 v0.6
\PDFPOS=\write4
\PDFSYNC@folio=\count101
\PDFSYNC@rder=\count102
)
(./generalizing-bentley-rcm.aux)
\openout1 = `generalizing-bentley-rcm.aux'.

LaTeX Font Info:    Checking defaults for OML/cmm/m/it on input line 3.
LaTeX Font Info:    ... okay on input line 3.
LaTeX Font Info:    Checking defaults for T1/cmr/m/n on input line 3.
LaTeX Font Info:    ... okay on input line 3.
LaTeX Font Info:    Checking defaults for OT1/cmr/m/n on input line 3.
LaTeX Font Info:    ... okay on input line 3.
LaTeX Font Info:    Checking defaults for OMS/cmsy/m/n on input line 3.
LaTeX Font Info:    ... okay on input line 3.
LaTeX Font Info:    Checking defaults for OMX/cmex/m/n on input line 3.
LaTeX Font Info:    ... okay on input line 3.
LaTeX Font Info:    Checking defaults for U/cmr/m/n on input line 3.
LaTeX Font Info:    ... okay on input line 3.

(/usr/local/teTeX/share/texmf.tetex/tex/context/base/supp-pdf.tex
(/usr/local/teTeX/share/texmf.tetex/tex/context/base/supp-mis.tex
loading : Context Support Macros / Miscellaneous (2004.10.26)
\protectiondepth=\count103
\scratchcounter=\count104
\scratchtoks=\toks19
\scratchdimen=\dimen119
\scratchskip=\skip46
\scratchmuskip=\muskip10
\scratchbox=\box32
\scratchread=\read1
\scratchwrite=\write5
\zeropoint=\dimen120
\onepoint=\dimen121
\onebasepoint=\dimen122
\minusone=\count105
\thousandpoint=\dimen123
\onerealpoint=\dimen124
\emptytoks=\toks20
\nextbox=\box33
\nextdepth=\dimen125
\everyline=\toks21
\!!counta=\count106
\!!countb=\count107
\recursecounter=\count108
)
loading : Context Support Macros / PDF (2004.03.26)
\nofMPsegments=\count109
\nofMParguments=\count110
\MPscratchCnt=\count111
\MPscratchDim=\dimen126
\MPnumerator=\count112
\everyMPtoPDFconversion=\toks22
)
**** pdfsync.sty: Synchronization is enabled.
\openout4 = `generalizing-bentley-rcm.pdfsync'.

**** pdfsync.sty: Synchronizing par
**** pdfsync.sty: Synchronizing math
**** pdfsync.sty: Synchronizing hbox
**** pdfsync.sty: Synchronizing extra
 Article 1
LaTeX Font Info:    External font `cmex10' loaded for size
(Font)              <14.4> on input line 34.
LaTeX Font Info:    External font `cmex10' loaded for size
(Font)              <7> on input line 34.
LaTeX Font Info:    Try loading font information for U+wasy on input line 34.
 (/usr/local/teTeX/share/texmf.tetex/tex/latex/wasysym/uwasy.fd
File: uwasy.fd 2003/10/30 v2.0 Wasy-2 symbol font definitions
)
LaTeX Font Info:    External font `cmex10' loaded for size
(Font)              <5> on input line 34.

Abstract Keywords
LaTeX Font Info:    External font `cmex10' loaded for size
(Font)              <9> on input line 34.
LaTeX Font Info:    External font `cmex10' loaded for size
(Font)              <6> on input line 34.
LaTeX Font Info:    Try loading font information for OT1+phv on input line 34.

(/usr/local/teTeX/share/texmf.tetex/tex/latex/psnfss/ot1phv.fd
File: ot1phv.fd 2001/06/04 scalable font definitions for OT1/phv.
)
LaTeX Font Info:    Try loading font information for OMS+phv on input line 34.

(/usr/local/teTeX/share/texmf.tetex/tex/latex/psnfss/omsphv.fd
File: omsphv.fd 
)
LaTeX Font Info:    Font shape `OMS/phv/b/n' in size <9> not available
(Font)              Font shape `OMS/cmsy/b/n' tried instead on input line 34.
LaTeX Font Info:    Font shape `OMS/phv/b/n' in size <9.15741> not available
(Font)              Font shape `OMS/cmsy/b/n' tried instead on input line 34.

Underfull \hbox (badness 3260) in paragraph at lines 34--34
[] []\OT1/cmr/m/n/9 This work is li-censed un-der the Cre-ative Com-mons NonCom
mercial-
 []

LaTeX Font Info:    Try loading font information for OMS+cmr on input line 54.
(/usr/local/teTeX/share/texmf.local/tex/latex/base/omscmr.fd
File: omscmr.fd 1999/05/25 v2.5h Standard LaTeX font definitions
)
LaTeX Font Info:    Font shape `OMS/cmr/m/n' in size <9> not available
(Font)              Font shape `OMS/cmsy/m/n' tried instead on input line 54.
LaTeX Font Info:    External font `cmex10' loaded for size
(Font)              <10.95> on input line 54.
LaTeX Font Info:    External font `cmex10' loaded for size
(Font)              <8> on input line 54.
 [1{/usr/local/teTeX/share/texmf.local/fonts/map/pdftex/updmap/pdftex.map}
Non-PDF special ignored!]
Underfull \vbox (badness 10000) has occurred while \output is active []

 [2]
Overfull \hbox (20.60347pt too wide) in paragraph at lines 85--103
\OT1/cmr/m/n/10.95 Pack-ages for this model are lo-cated un-der \OT1/cmtt/m/n/1
0.95 org.mmadsen.sim.transmission
 []


Overfull \hbox (39.6475pt too wide) in paragraph at lines 85--103
[][][] 
 []


Underfull \vbox (badness 3601) has occurred while \output is active []

 [3]
Overfull \hbox (7.43353pt too wide) in paragraph at lines 145--155
\OT1/cmr/m/n/10.95 Repast \OT1/cmtt/m/n/10.95 setup() \OT1/cmr/m/n/10.95 method
, should in-stan-ti-ate any \OT1/cmtt/m/n/10.95 IDataCollector \OT1/cmr/m/n/10.
95 classes,
 []


Overfull \hbox (34.50456pt too wide) in paragraph at lines 156--164
\OT1/cmtt/m/n/10.95 begin() \OT1/cmr/m/n/10.95 method, by it-er-at-ing over the
 data col-lec-tor list, call-ing \OT1/cmtt/m/n/10.95 initialize()
 []


Underfull \vbox (badness 2189) has occurred while \output is active []

 [4]
Overfull \hbox (76.8134pt too wide) in paragraph at lines 186--195
\OT1/cmr/m/n/10.95 from the model class. The in-ner class \OT1/cmtt/m/n/10.95 T
urnover \OT1/cmr/m/n/10.95 moves to the \OT1/cmtt/m/n/10.95 TurnoverGraphCollec
tor\OT1/cmr/m/n/10.95 ,
 []

[5]
Overfull \hbox (7.58435pt too wide) in paragraph at lines 226--234
[]\OT1/cmr/m/n/10.95 I added \OT1/cmtt/m/n/10.95 TraitFrequencyAnalyzer\OT1/cmr
/m/n/10.95 , writ-ten from scratch as a ``paradigm''
 []

[6]
Overfull \hbox (11.96294pt too wide) in paragraph at lines 297--310
\OT1/cmtt/m/n/10.95 + curSortedTraitCounts.size()) - ( 2 * intersection.size())
;\OT1/cmr/m/n/10.95 .
 []


Underfull \vbox (badness 10000) has occurred while \output is active []

 [7]
Overfull \hbox (56.61766pt too wide) in paragraph at lines 347--364
\OT1/cmr/m/n/10.95 which rep-re-sents an ab-stract agent pop-u-la-tion. Each in
-stance of \OT1/cmtt/m/n/10.95 IAgentPopulation
 []

[8] [9] Acknowledgements [10] (./generalizing-bentley-rcm.aux) ) 
Here is how much of TeX's memory you used:
 2423 strings out of 95125
 28124 string characters out of 1182969
 2078699 words of memory out of 4533452
 5563 multiletter control sequences out of 10000+50000
 20949 words of font info for 68 fonts, out of 2000000 for 2000
 63 hyphenation exceptions out of 5000
 39i,13n,27p,403b,350s stack positions out of 5000i,500n,6000p,200000b,40000s
PDF statistics:
 83 PDF objects out of 300000
 0 named destinations out of 131072
 1 words of extra memory for PDF output out of 10000
</usr/local/teT
eX/share/texmf.tetex/fonts/type1/bluesky/cm/cmmi10.pfb></usr/local/teTeX/share/
texmf.tetex/fonts/type1/bluesky/cm/cmcsc10.pfb></usr/local/teTeX/share/texmf.te
tex/fonts/type1/bluesky/cm/cmtt10.pfb></usr/local/teTeX/share/texmf.tetex/fonts
/type1/bluesky/cm/cmti10.pfb></usr/local/teTeX/share/texmf.tetex/fonts/type1/bl
uesky/cm/cmr8.pfb></usr/local/teTeX/share/texmf.tetex/fonts/type1/bluesky/cm/cm
sy9.pfb></usr/local/teTeX/share/texmf.tetex/fonts/type1/bluesky/cm/cmbsy10.pfb>
{/usr/local/teTeX/share/texmf.tetex/fonts/enc/dvips/psnfss/8r.enc}</usr/local/t
eTeX/share/texmf.tetex/fonts/type1/urw/helvetic/uhvb8a.pfb></usr/local/teTeX/sh
are/texmf.tetex/fonts/type1/bluesky/cm/cmsy6.pfb></usr/local/teTeX/share/texmf.
tetex/fonts/type1/bluesky/cm/cmbx10.pfb></usr/local/teTeX/share/texmf.tetex/fon
ts/type1/bluesky/cm/cmbx9.pfb></usr/local/teTeX/share/texmf.tetex/fonts/type1/b
luesky/cm/cmr9.pfb></usr/local/teTeX/share/texmf.tetex/fonts/type1/bluesky/cm/c
mtt9.pfb></usr/local/teTeX/share/texmf.tetex/fonts/type1/bluesky/cm/cmti9.pfb><
/usr/local/teTeX/share/texmf.tetex/fonts/type1/bluesky/cm/cmr10.pfb></usr/local
/teTeX/share/texmf.tetex/fonts/type1/bluesky/cm/cmsy10.pfb></usr/local/teTeX/sh
are/texmf.tetex/fonts/type1/bluesky/cm/cmr12.pfb>
Output written on generalizing-bentley-rcm.pdf (10 pages, 152789 bytes).
